
SQL*Loader: Release 11.2.0.2.0 - Production on Pn Sty 9 20:51:54 2017

Copyright (c) 1982, 2009, Oracle and/or its affiliates.  All rights reserved.

Control File:   sales.ctl
Data File:      sales.csv
  Bad File:     sales.bad
  Discard File:  none specified
 
 (Allow all discards)

Number to load: ALL
Number to skip: 0
Errors allowed: 50
Bind array:     64 rows, maximum of 256000 bytes
Continuation:    none specified
Path used:      Conventional

Table SALES, loaded from every logical record.
Insert option in effect for this table: APPEND

   Column Name                  Position   Len  Term Encl Datatype
------------------------------ ---------- ----- ---- ---- ---------------------
ID                                  FIRST     *   ;       CHARACTER            
SHOWING_ID                           NEXT     *   ;       CHARACTER            
DAY_ID                               NEXT     *   ;       CHARACTER            
CINEMA_ID                            NEXT     *   ;       CHARACTER            
PAYMENT_TYPE_ID                      NEXT     *   ;       CHARACTER            
NETTO_PRICE                          NEXT     *   ;       CHARACTER            
BRUTTO_PRICE                         NEXT     *   ;       CHARACTER            
TICKET_COUNT                         NEXT     *   ;       CHARACTER            


Table SALES:
  10000 Rows successfully loaded.
  0 Rows not loaded due to data errors.
  0 Rows not loaded because all WHEN clauses were failed.
  0 Rows not loaded because all fields were null.


Space allocated for bind array:                 132096 bytes(64 rows)
Read   buffer bytes: 1048576

Total logical records skipped:          0
Total logical records read:         10000
Total logical records rejected:         0
Total logical records discarded:        0

Run began on Pn Sty 09 20:51:54 2017
Run ended on Pn Sty 09 20:51:55 2017

Elapsed time was:     00:00:00.57
CPU time was:         00:00:00.11
