
SQL*Loader: Release 11.2.0.2.0 - Production on Pn Sty 9 20:51:53 2017

Copyright (c) 1982, 2009, Oracle and/or its affiliates.  All rights reserved.

Control File:   showings.ctl
Data File:      showings.csv
  Bad File:     showings.bad
  Discard File:  none specified
 
 (Allow all discards)

Number to load: ALL
Number to skip: 0
Errors allowed: 50
Bind array:     64 rows, maximum of 256000 bytes
Continuation:    none specified
Path used:      Conventional

Table SHOWINGS, loaded from every logical record.
Insert option in effect for this table: APPEND

   Column Name                  Position   Len  Term Encl Datatype
------------------------------ ---------- ----- ---- ---- ---------------------
ID                                  FIRST     *   ,       CHARACTER            
TYPE_ID                              NEXT     *   ,       CHARACTER            
MOVIE_ID                             NEXT     *   ,       CHARACTER            
START_AT                             NEXT     *   ,       CHARACTER            
ROOM_NUMBER                          NEXT     *   ,       CHARACTER            


Table SHOWINGS:
  4000 Rows successfully loaded.
  0 Rows not loaded due to data errors.
  0 Rows not loaded because all WHEN clauses were failed.
  0 Rows not loaded because all fields were null.


Space allocated for bind array:                  82560 bytes(64 rows)
Read   buffer bytes: 1048576

Total logical records skipped:          0
Total logical records read:          4000
Total logical records rejected:         0
Total logical records discarded:        0

Run began on Pn Sty 09 20:51:53 2017
Run ended on Pn Sty 09 20:51:53 2017

Elapsed time was:     00:00:00.16
CPU time was:         00:00:00.04
